Determining if the pthread_create exist failed with the following output:
Change Dir: /home/marco/homework-robotica/catkin_ws/build/robotiq_modbus_tcp/CMakeFiles/CMakeTmp

Run Build Command:"/usr/bin/make" "cmTC_87ed6/fast"
/usr/bin/make -f CMakeFiles/cmTC_87ed6.dir/build.make CMakeFiles/cmTC_87ed6.dir/build
make[1]: ingresso nella directory "/home/marco/homework-robotica/catkin_ws/build/robotiq_modbus_tcp/CMakeFiles/CMakeTmp"
Building C object CMakeFiles/cmTC_87ed6.dir/CheckSymbolExists.c.o
/usr/bin/cc    -o CMakeFiles/cmTC_87ed6.dir/CheckSymbolExists.c.o   -c /home/marco/homework-robotica/catkin_ws/build/robotiq_modbus_tcp/CMakeFiles/CMakeTmp/CheckSymbolExists.c
Linking C executable cmTC_87ed6
/usr/bin/cmake -E cmake_link_script CMakeFiles/cmTC_87ed6.dir/link.txt --verbose=1
/usr/bin/cc      -rdynamic CMakeFiles/cmTC_87ed6.dir/CheckSymbolExists.c.o  -o cmTC_87ed6 
CMakeFiles/cmTC_87ed6.dir/CheckSymbolExists.c.o: nella funzione "main":
CheckSymbolExists.c:(.text+0x1b): riferimento non definito a "pthread_create"
collect2: error: ld returned 1 exit status
CMakeFiles/cmTC_87ed6.dir/build.make:97: recipe for target 'cmTC_87ed6' failed
make[1]: *** [cmTC_87ed6] Error 1
make[1]: uscita dalla directory "/home/marco/homework-robotica/catkin_ws/build/robotiq_modbus_tcp/CMakeFiles/CMakeTmp"
Makefile:126: recipe for target 'cmTC_87ed6/fast' failed
make: *** [cmTC_87ed6/fast] Error 2

File /home/marco/homework-robotica/catkin_ws/build/robotiq_modbus_tcp/CMakeFiles/CMakeTmp/CheckSymbolExists.c:
/* */
#include <pthread.h>

int main(int argc, char** argv)
{
  (void)argv;
#ifndef pthread_create
  return ((int*)(&pthread_create))[argc];
#else
  (void)argc;
  return 0;
#endif
}

Determining if the function pthread_create exists in the pthreads failed with the following output:
Change Dir: /home/marco/homework-robotica/catkin_ws/build/robotiq_modbus_tcp/CMakeFiles/CMakeTmp

Run Build Command:"/usr/bin/make" "cmTC_65a0e/fast"
/usr/bin/make -f CMakeFiles/cmTC_65a0e.dir/build.make CMakeFiles/cmTC_65a0e.dir/build
make[1]: ingresso nella directory "/home/marco/homework-robotica/catkin_ws/build/robotiq_modbus_tcp/CMakeFiles/CMakeTmp"
Building C object CMakeFiles/cmTC_65a0e.dir/CheckFunctionExists.c.o
/usr/bin/cc   -DCHECK_FUNCTION_EXISTS=pthread_create   -o CMakeFiles/cmTC_65a0e.dir/CheckFunctionExists.c.o   -c /usr/share/cmake-3.10/Modules/CheckFunctionExists.c
Linking C executable cmTC_65a0e
/usr/bin/cmake -E cmake_link_script CMakeFiles/cmTC_65a0e.dir/link.txt --verbose=1
/usr/bin/cc  -DCHECK_FUNCTION_EXISTS=pthread_create    -rdynamic CMakeFiles/cmTC_65a0e.dir/CheckFunctionExists.c.o  -o cmTC_65a0e -lpthreads 
/usr/bin/ld: impossibile trovare -lpthreads
collect2: error: ld returned 1 exit status
CMakeFiles/cmTC_65a0e.dir/build.make:97: recipe for target 'cmTC_65a0e' failed
make[1]: *** [cmTC_65a0e] Error 1
make[1]: uscita dalla directory "/home/marco/homework-robotica/catkin_ws/build/robotiq_modbus_tcp/CMakeFiles/CMakeTmp"
Makefile:126: recipe for target 'cmTC_65a0e/fast' failed
make: *** [cmTC_65a0e/fast] Error 2


