Determining if the pthread_create exist failed with the following output:
Change Dir: /home/marco/homework-robotica/catkin_ws/build/marrtino_control/CMakeFiles/CMakeTmp

Run Build Command:"/usr/bin/make" "cmTC_1515d/fast"
/usr/bin/make -f CMakeFiles/cmTC_1515d.dir/build.make CMakeFiles/cmTC_1515d.dir/build
make[1]: ingresso nella directory "/home/marco/homework-robotica/catkin_ws/build/marrtino_control/CMakeFiles/CMakeTmp"
Building C object CMakeFiles/cmTC_1515d.dir/CheckSymbolExists.c.o
/usr/bin/cc    -o CMakeFiles/cmTC_1515d.dir/CheckSymbolExists.c.o   -c /home/marco/homework-robotica/catkin_ws/build/marrtino_control/CMakeFiles/CMakeTmp/CheckSymbolExists.c
Linking C executable cmTC_1515d
/usr/bin/cmake -E cmake_link_script CMakeFiles/cmTC_1515d.dir/link.txt --verbose=1
/usr/bin/cc      -rdynamic CMakeFiles/cmTC_1515d.dir/CheckSymbolExists.c.o  -o cmTC_1515d 
CMakeFiles/cmTC_1515d.dir/CheckSymbolExists.c.o: nella funzione "main":
CheckSymbolExists.c:(.text+0x1b): riferimento non definito a "pthread_create"
collect2: error: ld returned 1 exit status
CMakeFiles/cmTC_1515d.dir/build.make:97: recipe for target 'cmTC_1515d' failed
make[1]: *** [cmTC_1515d] Error 1
make[1]: uscita dalla directory "/home/marco/homework-robotica/catkin_ws/build/marrtino_control/CMakeFiles/CMakeTmp"
Makefile:126: recipe for target 'cmTC_1515d/fast' failed
make: *** [cmTC_1515d/fast] Error 2

File /home/marco/homework-robotica/catkin_ws/build/marrtino_control/CMakeFiles/CMakeTmp/CheckSymbolExists.c:
/* */
#include <pthread.h>

int main(int argc, char** argv)
{
  (void)argv;
#ifndef pthread_create
  return ((int*)(&pthread_create))[argc];
#else
  (void)argc;
  return 0;
#endif
}

Determining if the function pthread_create exists in the pthreads failed with the following output:
Change Dir: /home/marco/homework-robotica/catkin_ws/build/marrtino_control/CMakeFiles/CMakeTmp

Run Build Command:"/usr/bin/make" "cmTC_56165/fast"
/usr/bin/make -f CMakeFiles/cmTC_56165.dir/build.make CMakeFiles/cmTC_56165.dir/build
make[1]: ingresso nella directory "/home/marco/homework-robotica/catkin_ws/build/marrtino_control/CMakeFiles/CMakeTmp"
Building C object CMakeFiles/cmTC_56165.dir/CheckFunctionExists.c.o
/usr/bin/cc   -DCHECK_FUNCTION_EXISTS=pthread_create   -o CMakeFiles/cmTC_56165.dir/CheckFunctionExists.c.o   -c /usr/share/cmake-3.10/Modules/CheckFunctionExists.c
Linking C executable cmTC_56165
/usr/bin/cmake -E cmake_link_script CMakeFiles/cmTC_56165.dir/link.txt --verbose=1
/usr/bin/cc  -DCHECK_FUNCTION_EXISTS=pthread_create    -rdynamic CMakeFiles/cmTC_56165.dir/CheckFunctionExists.c.o  -o cmTC_56165 -lpthreads 
/usr/bin/ld: impossibile trovare -lpthreads
collect2: error: ld returned 1 exit status
CMakeFiles/cmTC_56165.dir/build.make:97: recipe for target 'cmTC_56165' failed
make[1]: *** [cmTC_56165] Error 1
make[1]: uscita dalla directory "/home/marco/homework-robotica/catkin_ws/build/marrtino_control/CMakeFiles/CMakeTmp"
Makefile:126: recipe for target 'cmTC_56165/fast' failed
make: *** [cmTC_56165/fast] Error 2


