Determining if the pthread_create exist failed with the following output:
Change Dir: /home/marco/homework-robotica/catkin_ws/build/gazebo_grasp_plugin/CMakeFiles/CMakeTmp

Run Build Command:"/usr/bin/make" "cmTC_3fa36/fast"
/usr/bin/make -f CMakeFiles/cmTC_3fa36.dir/build.make CMakeFiles/cmTC_3fa36.dir/build
make[1]: ingresso nella directory "/home/marco/homework-robotica/catkin_ws/build/gazebo_grasp_plugin/CMakeFiles/CMakeTmp"
Building C object CMakeFiles/cmTC_3fa36.dir/CheckSymbolExists.c.o
/usr/bin/cc    -o CMakeFiles/cmTC_3fa36.dir/CheckSymbolExists.c.o   -c /home/marco/homework-robotica/catkin_ws/build/gazebo_grasp_plugin/CMakeFiles/CMakeTmp/CheckSymbolExists.c
Linking C executable cmTC_3fa36
/usr/bin/cmake -E cmake_link_script CMakeFiles/cmTC_3fa36.dir/link.txt --verbose=1
/usr/bin/cc      -rdynamic CMakeFiles/cmTC_3fa36.dir/CheckSymbolExists.c.o  -o cmTC_3fa36 
CMakeFiles/cmTC_3fa36.dir/CheckSymbolExists.c.o: nella funzione "main":
CheckSymbolExists.c:(.text+0x1b): riferimento non definito a "pthread_create"
collect2: error: ld returned 1 exit status
CMakeFiles/cmTC_3fa36.dir/build.make:97: recipe for target 'cmTC_3fa36' failed
make[1]: *** [cmTC_3fa36] Error 1
make[1]: uscita dalla directory "/home/marco/homework-robotica/catkin_ws/build/gazebo_grasp_plugin/CMakeFiles/CMakeTmp"
Makefile:126: recipe for target 'cmTC_3fa36/fast' failed
make: *** [cmTC_3fa36/fast] Error 2

File /home/marco/homework-robotica/catkin_ws/build/gazebo_grasp_plugin/CMakeFiles/CMakeTmp/CheckSymbolExists.c:
/* */
#include <pthread.h>

int main(int argc, char** argv)
{
  (void)argv;
#ifndef pthread_create
  return ((int*)(&pthread_create))[argc];
#else
  (void)argc;
  return 0;
#endif
}

Determining if the function pthread_create exists in the pthreads failed with the following output:
Change Dir: /home/marco/homework-robotica/catkin_ws/build/gazebo_grasp_plugin/CMakeFiles/CMakeTmp

Run Build Command:"/usr/bin/make" "cmTC_fd6bf/fast"
/usr/bin/make -f CMakeFiles/cmTC_fd6bf.dir/build.make CMakeFiles/cmTC_fd6bf.dir/build
make[1]: ingresso nella directory "/home/marco/homework-robotica/catkin_ws/build/gazebo_grasp_plugin/CMakeFiles/CMakeTmp"
Building C object CMakeFiles/cmTC_fd6bf.dir/CheckFunctionExists.c.o
/usr/bin/cc   -DCHECK_FUNCTION_EXISTS=pthread_create   -o CMakeFiles/cmTC_fd6bf.dir/CheckFunctionExists.c.o   -c /usr/share/cmake-3.10/Modules/CheckFunctionExists.c
Linking C executable cmTC_fd6bf
/usr/bin/cmake -E cmake_link_script CMakeFiles/cmTC_fd6bf.dir/link.txt --verbose=1
/usr/bin/cc  -DCHECK_FUNCTION_EXISTS=pthread_create    -rdynamic CMakeFiles/cmTC_fd6bf.dir/CheckFunctionExists.c.o  -o cmTC_fd6bf -lpthreads 
/usr/bin/ld: impossibile trovare -lpthreads
collect2: error: ld returned 1 exit status
CMakeFiles/cmTC_fd6bf.dir/build.make:97: recipe for target 'cmTC_fd6bf' failed
make[1]: *** [cmTC_fd6bf] Error 1
make[1]: uscita dalla directory "/home/marco/homework-robotica/catkin_ws/build/gazebo_grasp_plugin/CMakeFiles/CMakeTmp"
Makefile:126: recipe for target 'cmTC_fd6bf/fast' failed
make: *** [cmTC_fd6bf/fast] Error 2


