Determining if the pthread_create exist failed with the following output:
Change Dir: /home/marco/homework-robotica/catkin_ws/build/path_navigation_msgs/CMakeFiles/CMakeTmp

Run Build Command:"/usr/bin/make" "cmTC_3ce35/fast"
/usr/bin/make -f CMakeFiles/cmTC_3ce35.dir/build.make CMakeFiles/cmTC_3ce35.dir/build
make[1]: ingresso nella directory "/home/marco/homework-robotica/catkin_ws/build/path_navigation_msgs/CMakeFiles/CMakeTmp"
Building C object CMakeFiles/cmTC_3ce35.dir/CheckSymbolExists.c.o
/usr/bin/cc    -o CMakeFiles/cmTC_3ce35.dir/CheckSymbolExists.c.o   -c /home/marco/homework-robotica/catkin_ws/build/path_navigation_msgs/CMakeFiles/CMakeTmp/CheckSymbolExists.c
Linking C executable cmTC_3ce35
/usr/bin/cmake -E cmake_link_script CMakeFiles/cmTC_3ce35.dir/link.txt --verbose=1
/usr/bin/cc      -rdynamic CMakeFiles/cmTC_3ce35.dir/CheckSymbolExists.c.o  -o cmTC_3ce35 
CMakeFiles/cmTC_3ce35.dir/CheckSymbolExists.c.o: nella funzione "main":
CheckSymbolExists.c:(.text+0x1b): riferimento non definito a "pthread_create"
collect2: error: ld returned 1 exit status
CMakeFiles/cmTC_3ce35.dir/build.make:97: recipe for target 'cmTC_3ce35' failed
make[1]: *** [cmTC_3ce35] Error 1
make[1]: uscita dalla directory "/home/marco/homework-robotica/catkin_ws/build/path_navigation_msgs/CMakeFiles/CMakeTmp"
Makefile:126: recipe for target 'cmTC_3ce35/fast' failed
make: *** [cmTC_3ce35/fast] Error 2

File /home/marco/homework-robotica/catkin_ws/build/path_navigation_msgs/CMakeFiles/CMakeTmp/CheckSymbolExists.c:
/* */
#include <pthread.h>

int main(int argc, char** argv)
{
  (void)argv;
#ifndef pthread_create
  return ((int*)(&pthread_create))[argc];
#else
  (void)argc;
  return 0;
#endif
}

Determining if the function pthread_create exists in the pthreads failed with the following output:
Change Dir: /home/marco/homework-robotica/catkin_ws/build/path_navigation_msgs/CMakeFiles/CMakeTmp

Run Build Command:"/usr/bin/make" "cmTC_a1e14/fast"
/usr/bin/make -f CMakeFiles/cmTC_a1e14.dir/build.make CMakeFiles/cmTC_a1e14.dir/build
make[1]: ingresso nella directory "/home/marco/homework-robotica/catkin_ws/build/path_navigation_msgs/CMakeFiles/CMakeTmp"
Building C object CMakeFiles/cmTC_a1e14.dir/CheckFunctionExists.c.o
/usr/bin/cc   -DCHECK_FUNCTION_EXISTS=pthread_create   -o CMakeFiles/cmTC_a1e14.dir/CheckFunctionExists.c.o   -c /usr/share/cmake-3.10/Modules/CheckFunctionExists.c
Linking C executable cmTC_a1e14
/usr/bin/cmake -E cmake_link_script CMakeFiles/cmTC_a1e14.dir/link.txt --verbose=1
/usr/bin/cc  -DCHECK_FUNCTION_EXISTS=pthread_create    -rdynamic CMakeFiles/cmTC_a1e14.dir/CheckFunctionExists.c.o  -o cmTC_a1e14 -lpthreads 
/usr/bin/ld: impossibile trovare -lpthreads
collect2: error: ld returned 1 exit status
CMakeFiles/cmTC_a1e14.dir/build.make:97: recipe for target 'cmTC_a1e14' failed
make[1]: *** [cmTC_a1e14] Error 1
make[1]: uscita dalla directory "/home/marco/homework-robotica/catkin_ws/build/path_navigation_msgs/CMakeFiles/CMakeTmp"
Makefile:126: recipe for target 'cmTC_a1e14/fast' failed
make: *** [cmTC_a1e14/fast] Error 2


