Determining if the pthread_create exist failed with the following output:
Change Dir: /home/marco/homework-robotica/catkin_ws/build/marrtino_gazebo/CMakeFiles/CMakeTmp

Run Build Command:"/usr/bin/make" "cmTC_c725b/fast"
/usr/bin/make -f CMakeFiles/cmTC_c725b.dir/build.make CMakeFiles/cmTC_c725b.dir/build
make[1]: ingresso nella directory "/home/marco/homework-robotica/catkin_ws/build/marrtino_gazebo/CMakeFiles/CMakeTmp"
Building C object CMakeFiles/cmTC_c725b.dir/CheckSymbolExists.c.o
/usr/bin/cc    -o CMakeFiles/cmTC_c725b.dir/CheckSymbolExists.c.o   -c /home/marco/homework-robotica/catkin_ws/build/marrtino_gazebo/CMakeFiles/CMakeTmp/CheckSymbolExists.c
Linking C executable cmTC_c725b
/usr/bin/cmake -E cmake_link_script CMakeFiles/cmTC_c725b.dir/link.txt --verbose=1
/usr/bin/cc      -rdynamic CMakeFiles/cmTC_c725b.dir/CheckSymbolExists.c.o  -o cmTC_c725b 
CMakeFiles/cmTC_c725b.dir/CheckSymbolExists.c.o: nella funzione "main":
CheckSymbolExists.c:(.text+0x1b): riferimento non definito a "pthread_create"
collect2: error: ld returned 1 exit status
CMakeFiles/cmTC_c725b.dir/build.make:97: recipe for target 'cmTC_c725b' failed
make[1]: *** [cmTC_c725b] Error 1
make[1]: uscita dalla directory "/home/marco/homework-robotica/catkin_ws/build/marrtino_gazebo/CMakeFiles/CMakeTmp"
Makefile:126: recipe for target 'cmTC_c725b/fast' failed
make: *** [cmTC_c725b/fast] Error 2

File /home/marco/homework-robotica/catkin_ws/build/marrtino_gazebo/CMakeFiles/CMakeTmp/CheckSymbolExists.c:
/* */
#include <pthread.h>

int main(int argc, char** argv)
{
  (void)argv;
#ifndef pthread_create
  return ((int*)(&pthread_create))[argc];
#else
  (void)argc;
  return 0;
#endif
}

Determining if the function pthread_create exists in the pthreads failed with the following output:
Change Dir: /home/marco/homework-robotica/catkin_ws/build/marrtino_gazebo/CMakeFiles/CMakeTmp

Run Build Command:"/usr/bin/make" "cmTC_90a78/fast"
/usr/bin/make -f CMakeFiles/cmTC_90a78.dir/build.make CMakeFiles/cmTC_90a78.dir/build
make[1]: ingresso nella directory "/home/marco/homework-robotica/catkin_ws/build/marrtino_gazebo/CMakeFiles/CMakeTmp"
Building C object CMakeFiles/cmTC_90a78.dir/CheckFunctionExists.c.o
/usr/bin/cc   -DCHECK_FUNCTION_EXISTS=pthread_create   -o CMakeFiles/cmTC_90a78.dir/CheckFunctionExists.c.o   -c /usr/share/cmake-3.10/Modules/CheckFunctionExists.c
Linking C executable cmTC_90a78
/usr/bin/cmake -E cmake_link_script CMakeFiles/cmTC_90a78.dir/link.txt --verbose=1
/usr/bin/cc  -DCHECK_FUNCTION_EXISTS=pthread_create    -rdynamic CMakeFiles/cmTC_90a78.dir/CheckFunctionExists.c.o  -o cmTC_90a78 -lpthreads 
/usr/bin/ld: impossibile trovare -lpthreads
collect2: error: ld returned 1 exit status
CMakeFiles/cmTC_90a78.dir/build.make:97: recipe for target 'cmTC_90a78' failed
make[1]: *** [cmTC_90a78] Error 1
make[1]: uscita dalla directory "/home/marco/homework-robotica/catkin_ws/build/marrtino_gazebo/CMakeFiles/CMakeTmp"
Makefile:126: recipe for target 'cmTC_90a78/fast' failed
make: *** [cmTC_90a78/fast] Error 2


