Determining if the pthread_create exist failed with the following output:
Change Dir: /home/marco/homework-robotica/catkin_ws/build/gazebo_version_helpers/CMakeFiles/CMakeTmp

Run Build Command:"/usr/bin/make" "cmTC_9f16f/fast"
/usr/bin/make -f CMakeFiles/cmTC_9f16f.dir/build.make CMakeFiles/cmTC_9f16f.dir/build
make[1]: ingresso nella directory "/home/marco/homework-robotica/catkin_ws/build/gazebo_version_helpers/CMakeFiles/CMakeTmp"
Building C object CMakeFiles/cmTC_9f16f.dir/CheckSymbolExists.c.o
/usr/bin/cc    -o CMakeFiles/cmTC_9f16f.dir/CheckSymbolExists.c.o   -c /home/marco/homework-robotica/catkin_ws/build/gazebo_version_helpers/CMakeFiles/CMakeTmp/CheckSymbolExists.c
Linking C executable cmTC_9f16f
/usr/bin/cmake -E cmake_link_script CMakeFiles/cmTC_9f16f.dir/link.txt --verbose=1
/usr/bin/cc      -rdynamic CMakeFiles/cmTC_9f16f.dir/CheckSymbolExists.c.o  -o cmTC_9f16f 
CMakeFiles/cmTC_9f16f.dir/CheckSymbolExists.c.o: nella funzione "main":
CheckSymbolExists.c:(.text+0x1b): riferimento non definito a "pthread_create"
collect2: error: ld returned 1 exit status
CMakeFiles/cmTC_9f16f.dir/build.make:97: recipe for target 'cmTC_9f16f' failed
make[1]: *** [cmTC_9f16f] Error 1
make[1]: uscita dalla directory "/home/marco/homework-robotica/catkin_ws/build/gazebo_version_helpers/CMakeFiles/CMakeTmp"
Makefile:126: recipe for target 'cmTC_9f16f/fast' failed
make: *** [cmTC_9f16f/fast] Error 2

File /home/marco/homework-robotica/catkin_ws/build/gazebo_version_helpers/CMakeFiles/CMakeTmp/CheckSymbolExists.c:
/* */
#include <pthread.h>

int main(int argc, char** argv)
{
  (void)argv;
#ifndef pthread_create
  return ((int*)(&pthread_create))[argc];
#else
  (void)argc;
  return 0;
#endif
}

Determining if the function pthread_create exists in the pthreads failed with the following output:
Change Dir: /home/marco/homework-robotica/catkin_ws/build/gazebo_version_helpers/CMakeFiles/CMakeTmp

Run Build Command:"/usr/bin/make" "cmTC_9ca11/fast"
/usr/bin/make -f CMakeFiles/cmTC_9ca11.dir/build.make CMakeFiles/cmTC_9ca11.dir/build
make[1]: ingresso nella directory "/home/marco/homework-robotica/catkin_ws/build/gazebo_version_helpers/CMakeFiles/CMakeTmp"
Building C object CMakeFiles/cmTC_9ca11.dir/CheckFunctionExists.c.o
/usr/bin/cc   -DCHECK_FUNCTION_EXISTS=pthread_create   -o CMakeFiles/cmTC_9ca11.dir/CheckFunctionExists.c.o   -c /usr/share/cmake-3.10/Modules/CheckFunctionExists.c
Linking C executable cmTC_9ca11
/usr/bin/cmake -E cmake_link_script CMakeFiles/cmTC_9ca11.dir/link.txt --verbose=1
/usr/bin/cc  -DCHECK_FUNCTION_EXISTS=pthread_create    -rdynamic CMakeFiles/cmTC_9ca11.dir/CheckFunctionExists.c.o  -o cmTC_9ca11 -lpthreads 
/usr/bin/ld: impossibile trovare -lpthreads
collect2: error: ld returned 1 exit status
CMakeFiles/cmTC_9ca11.dir/build.make:97: recipe for target 'cmTC_9ca11' failed
make[1]: *** [cmTC_9ca11] Error 1
make[1]: uscita dalla directory "/home/marco/homework-robotica/catkin_ws/build/gazebo_version_helpers/CMakeFiles/CMakeTmp"
Makefile:126: recipe for target 'cmTC_9ca11/fast' failed
make: *** [cmTC_9ca11/fast] Error 2


