Determining if the pthread_create exist failed with the following output:
Change Dir: /home/marco/homework-robotica/catkin_ws/build/robotiq_2f_gripper_action_server/CMakeFiles/CMakeTmp

Run Build Command:"/usr/bin/make" "cmTC_93351/fast"
/usr/bin/make -f CMakeFiles/cmTC_93351.dir/build.make CMakeFiles/cmTC_93351.dir/build
make[1]: ingresso nella directory "/home/marco/homework-robotica/catkin_ws/build/robotiq_2f_gripper_action_server/CMakeFiles/CMakeTmp"
Building C object CMakeFiles/cmTC_93351.dir/CheckSymbolExists.c.o
/usr/bin/cc    -o CMakeFiles/cmTC_93351.dir/CheckSymbolExists.c.o   -c /home/marco/homework-robotica/catkin_ws/build/robotiq_2f_gripper_action_server/CMakeFiles/CMakeTmp/CheckSymbolExists.c
Linking C executable cmTC_93351
/usr/bin/cmake -E cmake_link_script CMakeFiles/cmTC_93351.dir/link.txt --verbose=1
/usr/bin/cc      -rdynamic CMakeFiles/cmTC_93351.dir/CheckSymbolExists.c.o  -o cmTC_93351 
CMakeFiles/cmTC_93351.dir/CheckSymbolExists.c.o: nella funzione "main":
CheckSymbolExists.c:(.text+0x1b): riferimento non definito a "pthread_create"
collect2: error: ld returned 1 exit status
CMakeFiles/cmTC_93351.dir/build.make:97: recipe for target 'cmTC_93351' failed
make[1]: *** [cmTC_93351] Error 1
make[1]: uscita dalla directory "/home/marco/homework-robotica/catkin_ws/build/robotiq_2f_gripper_action_server/CMakeFiles/CMakeTmp"
Makefile:126: recipe for target 'cmTC_93351/fast' failed
make: *** [cmTC_93351/fast] Error 2

File /home/marco/homework-robotica/catkin_ws/build/robotiq_2f_gripper_action_server/CMakeFiles/CMakeTmp/CheckSymbolExists.c:
/* */
#include <pthread.h>

int main(int argc, char** argv)
{
  (void)argv;
#ifndef pthread_create
  return ((int*)(&pthread_create))[argc];
#else
  (void)argc;
  return 0;
#endif
}

Determining if the function pthread_create exists in the pthreads failed with the following output:
Change Dir: /home/marco/homework-robotica/catkin_ws/build/robotiq_2f_gripper_action_server/CMakeFiles/CMakeTmp

Run Build Command:"/usr/bin/make" "cmTC_23f3b/fast"
/usr/bin/make -f CMakeFiles/cmTC_23f3b.dir/build.make CMakeFiles/cmTC_23f3b.dir/build
make[1]: ingresso nella directory "/home/marco/homework-robotica/catkin_ws/build/robotiq_2f_gripper_action_server/CMakeFiles/CMakeTmp"
Building C object CMakeFiles/cmTC_23f3b.dir/CheckFunctionExists.c.o
/usr/bin/cc   -DCHECK_FUNCTION_EXISTS=pthread_create   -o CMakeFiles/cmTC_23f3b.dir/CheckFunctionExists.c.o   -c /usr/share/cmake-3.10/Modules/CheckFunctionExists.c
Linking C executable cmTC_23f3b
/usr/bin/cmake -E cmake_link_script CMakeFiles/cmTC_23f3b.dir/link.txt --verbose=1
/usr/bin/cc  -DCHECK_FUNCTION_EXISTS=pthread_create    -rdynamic CMakeFiles/cmTC_23f3b.dir/CheckFunctionExists.c.o  -o cmTC_23f3b -lpthreads 
/usr/bin/ld: impossibile trovare -lpthreads
collect2: error: ld returned 1 exit status
CMakeFiles/cmTC_23f3b.dir/build.make:97: recipe for target 'cmTC_23f3b' failed
make[1]: *** [cmTC_23f3b] Error 1
make[1]: uscita dalla directory "/home/marco/homework-robotica/catkin_ws/build/robotiq_2f_gripper_action_server/CMakeFiles/CMakeTmp"
Makefile:126: recipe for target 'cmTC_23f3b/fast' failed
make: *** [cmTC_23f3b/fast] Error 2


