Determining if the pthread_create exist failed with the following output:
Change Dir: /home/marco/homework-robotica/catkin_ws/build/kinect2_registration/CMakeFiles/CMakeTmp

Run Build Command:"/usr/bin/make" "cmTC_8955e/fast"
/usr/bin/make -f CMakeFiles/cmTC_8955e.dir/build.make CMakeFiles/cmTC_8955e.dir/build
make[1]: ingresso nella directory "/home/marco/homework-robotica/catkin_ws/build/kinect2_registration/CMakeFiles/CMakeTmp"
Building C object CMakeFiles/cmTC_8955e.dir/CheckSymbolExists.c.o
/usr/bin/cc    -o CMakeFiles/cmTC_8955e.dir/CheckSymbolExists.c.o   -c /home/marco/homework-robotica/catkin_ws/build/kinect2_registration/CMakeFiles/CMakeTmp/CheckSymbolExists.c
Linking C executable cmTC_8955e
/usr/bin/cmake -E cmake_link_script CMakeFiles/cmTC_8955e.dir/link.txt --verbose=1
/usr/bin/cc      -rdynamic CMakeFiles/cmTC_8955e.dir/CheckSymbolExists.c.o  -o cmTC_8955e 
CMakeFiles/cmTC_8955e.dir/CheckSymbolExists.c.o: nella funzione "main":
CheckSymbolExists.c:(.text+0x1b): riferimento non definito a "pthread_create"
collect2: error: ld returned 1 exit status
CMakeFiles/cmTC_8955e.dir/build.make:97: recipe for target 'cmTC_8955e' failed
make[1]: *** [cmTC_8955e] Error 1
make[1]: uscita dalla directory "/home/marco/homework-robotica/catkin_ws/build/kinect2_registration/CMakeFiles/CMakeTmp"
Makefile:126: recipe for target 'cmTC_8955e/fast' failed
make: *** [cmTC_8955e/fast] Error 2

File /home/marco/homework-robotica/catkin_ws/build/kinect2_registration/CMakeFiles/CMakeTmp/CheckSymbolExists.c:
/* */
#include <pthread.h>

int main(int argc, char** argv)
{
  (void)argv;
#ifndef pthread_create
  return ((int*)(&pthread_create))[argc];
#else
  (void)argc;
  return 0;
#endif
}

Determining if the function pthread_create exists in the pthreads failed with the following output:
Change Dir: /home/marco/homework-robotica/catkin_ws/build/kinect2_registration/CMakeFiles/CMakeTmp

Run Build Command:"/usr/bin/make" "cmTC_6fb31/fast"
/usr/bin/make -f CMakeFiles/cmTC_6fb31.dir/build.make CMakeFiles/cmTC_6fb31.dir/build
make[1]: ingresso nella directory "/home/marco/homework-robotica/catkin_ws/build/kinect2_registration/CMakeFiles/CMakeTmp"
Building C object CMakeFiles/cmTC_6fb31.dir/CheckFunctionExists.c.o
/usr/bin/cc   -DCHECK_FUNCTION_EXISTS=pthread_create   -o CMakeFiles/cmTC_6fb31.dir/CheckFunctionExists.c.o   -c /usr/share/cmake-3.10/Modules/CheckFunctionExists.c
Linking C executable cmTC_6fb31
/usr/bin/cmake -E cmake_link_script CMakeFiles/cmTC_6fb31.dir/link.txt --verbose=1
/usr/bin/cc  -DCHECK_FUNCTION_EXISTS=pthread_create    -rdynamic CMakeFiles/cmTC_6fb31.dir/CheckFunctionExists.c.o  -o cmTC_6fb31 -lpthreads 
/usr/bin/ld: impossibile trovare -lpthreads
collect2: error: ld returned 1 exit status
CMakeFiles/cmTC_6fb31.dir/build.make:97: recipe for target 'cmTC_6fb31' failed
make[1]: *** [cmTC_6fb31] Error 1
make[1]: uscita dalla directory "/home/marco/homework-robotica/catkin_ws/build/kinect2_registration/CMakeFiles/CMakeTmp"
Makefile:126: recipe for target 'cmTC_6fb31/fast' failed
make: *** [cmTC_6fb31/fast] Error 2


Determining if the CL_VERSION_2_0 exist failed with the following output:
Change Dir: /home/marco/homework-robotica/catkin_ws/build/kinect2_registration/CMakeFiles/CMakeTmp

Run Build Command:"/usr/bin/make" "cmTC_9e1a8/fast"
/usr/bin/make -f CMakeFiles/cmTC_9e1a8.dir/build.make CMakeFiles/cmTC_9e1a8.dir/build
make[1]: ingresso nella directory "/home/marco/homework-robotica/catkin_ws/build/kinect2_registration/CMakeFiles/CMakeTmp"
Building CXX object CMakeFiles/cmTC_9e1a8.dir/CheckSymbolExists.cxx.o
/usr/bin/c++    -DBT_USE_DOUBLE_PRECISION -Wall -Wuninitialized -Winit-self -Wunused-function -Wunused-label -Wunused-variable -Wunused-but-set-variable -Wunused-but-set-parameter -Warray-bounds -Wtype-limits -Wreturn-type -Wsequence-point -Wparentheses -Wmissing-braces -Wchar-subscripts -Wswitch -Wwrite-strings -Wenum-compare -Wempty-body -std=c++11    -o CMakeFiles/cmTC_9e1a8.dir/CheckSymbolExists.cxx.o -c /home/marco/homework-robotica/catkin_ws/build/kinect2_registration/CMakeFiles/CMakeTmp/CheckSymbolExists.cxx
/home/marco/homework-robotica/catkin_ws/build/kinect2_registration/CMakeFiles/CMakeTmp/CheckSymbolExists.cxx:2:10: fatal error: OpenCL_INCLUDE_DIR-NOTFOUND/CL/cl.h: File o directory non esistente
 #include <OpenCL_INCLUDE_DIR-NOTFOUND/CL/cl.h>
          ^~~~~~~~~~~~~~~~~~~~~~~~~~~~~~~~~~~~~
compilation terminated.
CMakeFiles/cmTC_9e1a8.dir/build.make:65: recipe for target 'CMakeFiles/cmTC_9e1a8.dir/CheckSymbolExists.cxx.o' failed
make[1]: *** [CMakeFiles/cmTC_9e1a8.dir/CheckSymbolExists.cxx.o] Error 1
make[1]: uscita dalla directory "/home/marco/homework-robotica/catkin_ws/build/kinect2_registration/CMakeFiles/CMakeTmp"
Makefile:126: recipe for target 'cmTC_9e1a8/fast' failed
make: *** [cmTC_9e1a8/fast] Error 2

File /home/marco/homework-robotica/catkin_ws/build/kinect2_registration/CMakeFiles/CMakeTmp/CheckSymbolExists.cxx:
/* */
#include <OpenCL_INCLUDE_DIR-NOTFOUND/CL/cl.h>

int main(int argc, char** argv)
{
  (void)argv;
#ifndef CL_VERSION_2_0
  return ((int*)(&CL_VERSION_2_0))[argc];
#else
  (void)argc;
  return 0;
#endif
}

Determining if the CL_VERSION_1_2 exist failed with the following output:
Change Dir: /home/marco/homework-robotica/catkin_ws/build/kinect2_registration/CMakeFiles/CMakeTmp

Run Build Command:"/usr/bin/make" "cmTC_ed0d8/fast"
/usr/bin/make -f CMakeFiles/cmTC_ed0d8.dir/build.make CMakeFiles/cmTC_ed0d8.dir/build
make[1]: ingresso nella directory "/home/marco/homework-robotica/catkin_ws/build/kinect2_registration/CMakeFiles/CMakeTmp"
Building CXX object CMakeFiles/cmTC_ed0d8.dir/CheckSymbolExists.cxx.o
/usr/bin/c++    -DBT_USE_DOUBLE_PRECISION -Wall -Wuninitialized -Winit-self -Wunused-function -Wunused-label -Wunused-variable -Wunused-but-set-variable -Wunused-but-set-parameter -Warray-bounds -Wtype-limits -Wreturn-type -Wsequence-point -Wparentheses -Wmissing-braces -Wchar-subscripts -Wswitch -Wwrite-strings -Wenum-compare -Wempty-body -std=c++11    -o CMakeFiles/cmTC_ed0d8.dir/CheckSymbolExists.cxx.o -c /home/marco/homework-robotica/catkin_ws/build/kinect2_registration/CMakeFiles/CMakeTmp/CheckSymbolExists.cxx
/home/marco/homework-robotica/catkin_ws/build/kinect2_registration/CMakeFiles/CMakeTmp/CheckSymbolExists.cxx:2:10: fatal error: OpenCL_INCLUDE_DIR-NOTFOUND/CL/cl.h: File o directory non esistente
 #include <OpenCL_INCLUDE_DIR-NOTFOUND/CL/cl.h>
          ^~~~~~~~~~~~~~~~~~~~~~~~~~~~~~~~~~~~~
compilation terminated.
CMakeFiles/cmTC_ed0d8.dir/build.make:65: recipe for target 'CMakeFiles/cmTC_ed0d8.dir/CheckSymbolExists.cxx.o' failed
make[1]: *** [CMakeFiles/cmTC_ed0d8.dir/CheckSymbolExists.cxx.o] Error 1
make[1]: uscita dalla directory "/home/marco/homework-robotica/catkin_ws/build/kinect2_registration/CMakeFiles/CMakeTmp"
Makefile:126: recipe for target 'cmTC_ed0d8/fast' failed
make: *** [cmTC_ed0d8/fast] Error 2

File /home/marco/homework-robotica/catkin_ws/build/kinect2_registration/CMakeFiles/CMakeTmp/CheckSymbolExists.cxx:
/* */
#include <OpenCL_INCLUDE_DIR-NOTFOUND/CL/cl.h>

int main(int argc, char** argv)
{
  (void)argv;
#ifndef CL_VERSION_1_2
  return ((int*)(&CL_VERSION_1_2))[argc];
#else
  (void)argc;
  return 0;
#endif
}

Determining if the CL_VERSION_1_1 exist failed with the following output:
Change Dir: /home/marco/homework-robotica/catkin_ws/build/kinect2_registration/CMakeFiles/CMakeTmp

Run Build Command:"/usr/bin/make" "cmTC_d6c19/fast"
/usr/bin/make -f CMakeFiles/cmTC_d6c19.dir/build.make CMakeFiles/cmTC_d6c19.dir/build
make[1]: ingresso nella directory "/home/marco/homework-robotica/catkin_ws/build/kinect2_registration/CMakeFiles/CMakeTmp"
Building CXX object CMakeFiles/cmTC_d6c19.dir/CheckSymbolExists.cxx.o
/usr/bin/c++    -DBT_USE_DOUBLE_PRECISION -Wall -Wuninitialized -Winit-self -Wunused-function -Wunused-label -Wunused-variable -Wunused-but-set-variable -Wunused-but-set-parameter -Warray-bounds -Wtype-limits -Wreturn-type -Wsequence-point -Wparentheses -Wmissing-braces -Wchar-subscripts -Wswitch -Wwrite-strings -Wenum-compare -Wempty-body -std=c++11    -o CMakeFiles/cmTC_d6c19.dir/CheckSymbolExists.cxx.o -c /home/marco/homework-robotica/catkin_ws/build/kinect2_registration/CMakeFiles/CMakeTmp/CheckSymbolExists.cxx
/home/marco/homework-robotica/catkin_ws/build/kinect2_registration/CMakeFiles/CMakeTmp/CheckSymbolExists.cxx:2:10: fatal error: OpenCL_INCLUDE_DIR-NOTFOUND/CL/cl.h: File o directory non esistente
 #include <OpenCL_INCLUDE_DIR-NOTFOUND/CL/cl.h>
          ^~~~~~~~~~~~~~~~~~~~~~~~~~~~~~~~~~~~~
compilation terminated.
CMakeFiles/cmTC_d6c19.dir/build.make:65: recipe for target 'CMakeFiles/cmTC_d6c19.dir/CheckSymbolExists.cxx.o' failed
make[1]: *** [CMakeFiles/cmTC_d6c19.dir/CheckSymbolExists.cxx.o] Error 1
make[1]: uscita dalla directory "/home/marco/homework-robotica/catkin_ws/build/kinect2_registration/CMakeFiles/CMakeTmp"
Makefile:126: recipe for target 'cmTC_d6c19/fast' failed
make: *** [cmTC_d6c19/fast] Error 2

File /home/marco/homework-robotica/catkin_ws/build/kinect2_registration/CMakeFiles/CMakeTmp/CheckSymbolExists.cxx:
/* */
#include <OpenCL_INCLUDE_DIR-NOTFOUND/CL/cl.h>

int main(int argc, char** argv)
{
  (void)argv;
#ifndef CL_VERSION_1_1
  return ((int*)(&CL_VERSION_1_1))[argc];
#else
  (void)argc;
  return 0;
#endif
}

Determining if the CL_VERSION_1_0 exist failed with the following output:
Change Dir: /home/marco/homework-robotica/catkin_ws/build/kinect2_registration/CMakeFiles/CMakeTmp

Run Build Command:"/usr/bin/make" "cmTC_afebd/fast"
/usr/bin/make -f CMakeFiles/cmTC_afebd.dir/build.make CMakeFiles/cmTC_afebd.dir/build
make[1]: ingresso nella directory "/home/marco/homework-robotica/catkin_ws/build/kinect2_registration/CMakeFiles/CMakeTmp"
Building CXX object CMakeFiles/cmTC_afebd.dir/CheckSymbolExists.cxx.o
/usr/bin/c++    -DBT_USE_DOUBLE_PRECISION -Wall -Wuninitialized -Winit-self -Wunused-function -Wunused-label -Wunused-variable -Wunused-but-set-variable -Wunused-but-set-parameter -Warray-bounds -Wtype-limits -Wreturn-type -Wsequence-point -Wparentheses -Wmissing-braces -Wchar-subscripts -Wswitch -Wwrite-strings -Wenum-compare -Wempty-body -std=c++11    -o CMakeFiles/cmTC_afebd.dir/CheckSymbolExists.cxx.o -c /home/marco/homework-robotica/catkin_ws/build/kinect2_registration/CMakeFiles/CMakeTmp/CheckSymbolExists.cxx
/home/marco/homework-robotica/catkin_ws/build/kinect2_registration/CMakeFiles/CMakeTmp/CheckSymbolExists.cxx:2:10: fatal error: OpenCL_INCLUDE_DIR-NOTFOUND/CL/cl.h: File o directory non esistente
 #include <OpenCL_INCLUDE_DIR-NOTFOUND/CL/cl.h>
          ^~~~~~~~~~~~~~~~~~~~~~~~~~~~~~~~~~~~~
compilation terminated.
CMakeFiles/cmTC_afebd.dir/build.make:65: recipe for target 'CMakeFiles/cmTC_afebd.dir/CheckSymbolExists.cxx.o' failed
make[1]: *** [CMakeFiles/cmTC_afebd.dir/CheckSymbolExists.cxx.o] Error 1
make[1]: uscita dalla directory "/home/marco/homework-robotica/catkin_ws/build/kinect2_registration/CMakeFiles/CMakeTmp"
Makefile:126: recipe for target 'cmTC_afebd/fast' failed
make: *** [cmTC_afebd/fast] Error 2

File /home/marco/homework-robotica/catkin_ws/build/kinect2_registration/CMakeFiles/CMakeTmp/CheckSymbolExists.cxx:
/* */
#include <OpenCL_INCLUDE_DIR-NOTFOUND/CL/cl.h>

int main(int argc, char** argv)
{
  (void)argv;
#ifndef CL_VERSION_1_0
  return ((int*)(&CL_VERSION_1_0))[argc];
#else
  (void)argc;
  return 0;
#endif
}

