Determining if the pthread_create exist failed with the following output:
Change Dir: /home/marco/homework-robotica/catkin_ws/build/robotiq_2f_85_gripper_visualization/CMakeFiles/CMakeTmp

Run Build Command:"/usr/bin/make" "cmTC_0d071/fast"
/usr/bin/make -f CMakeFiles/cmTC_0d071.dir/build.make CMakeFiles/cmTC_0d071.dir/build
make[1]: ingresso nella directory "/home/marco/homework-robotica/catkin_ws/build/robotiq_2f_85_gripper_visualization/CMakeFiles/CMakeTmp"
Building C object CMakeFiles/cmTC_0d071.dir/CheckSymbolExists.c.o
/usr/bin/cc    -o CMakeFiles/cmTC_0d071.dir/CheckSymbolExists.c.o   -c /home/marco/homework-robotica/catkin_ws/build/robotiq_2f_85_gripper_visualization/CMakeFiles/CMakeTmp/CheckSymbolExists.c
Linking C executable cmTC_0d071
/usr/bin/cmake -E cmake_link_script CMakeFiles/cmTC_0d071.dir/link.txt --verbose=1
/usr/bin/cc      -rdynamic CMakeFiles/cmTC_0d071.dir/CheckSymbolExists.c.o  -o cmTC_0d071 
CMakeFiles/cmTC_0d071.dir/CheckSymbolExists.c.o: nella funzione "main":
CheckSymbolExists.c:(.text+0x1b): riferimento non definito a "pthread_create"
collect2: error: ld returned 1 exit status
CMakeFiles/cmTC_0d071.dir/build.make:97: recipe for target 'cmTC_0d071' failed
make[1]: *** [cmTC_0d071] Error 1
make[1]: uscita dalla directory "/home/marco/homework-robotica/catkin_ws/build/robotiq_2f_85_gripper_visualization/CMakeFiles/CMakeTmp"
Makefile:126: recipe for target 'cmTC_0d071/fast' failed
make: *** [cmTC_0d071/fast] Error 2

File /home/marco/homework-robotica/catkin_ws/build/robotiq_2f_85_gripper_visualization/CMakeFiles/CMakeTmp/CheckSymbolExists.c:
/* */
#include <pthread.h>

int main(int argc, char** argv)
{
  (void)argv;
#ifndef pthread_create
  return ((int*)(&pthread_create))[argc];
#else
  (void)argc;
  return 0;
#endif
}

Determining if the function pthread_create exists in the pthreads failed with the following output:
Change Dir: /home/marco/homework-robotica/catkin_ws/build/robotiq_2f_85_gripper_visualization/CMakeFiles/CMakeTmp

Run Build Command:"/usr/bin/make" "cmTC_75ec5/fast"
/usr/bin/make -f CMakeFiles/cmTC_75ec5.dir/build.make CMakeFiles/cmTC_75ec5.dir/build
make[1]: ingresso nella directory "/home/marco/homework-robotica/catkin_ws/build/robotiq_2f_85_gripper_visualization/CMakeFiles/CMakeTmp"
Building C object CMakeFiles/cmTC_75ec5.dir/CheckFunctionExists.c.o
/usr/bin/cc   -DCHECK_FUNCTION_EXISTS=pthread_create   -o CMakeFiles/cmTC_75ec5.dir/CheckFunctionExists.c.o   -c /usr/share/cmake-3.10/Modules/CheckFunctionExists.c
Linking C executable cmTC_75ec5
/usr/bin/cmake -E cmake_link_script CMakeFiles/cmTC_75ec5.dir/link.txt --verbose=1
/usr/bin/cc  -DCHECK_FUNCTION_EXISTS=pthread_create    -rdynamic CMakeFiles/cmTC_75ec5.dir/CheckFunctionExists.c.o  -o cmTC_75ec5 -lpthreads 
/usr/bin/ld: impossibile trovare -lpthreads
collect2: error: ld returned 1 exit status
CMakeFiles/cmTC_75ec5.dir/build.make:97: recipe for target 'cmTC_75ec5' failed
make[1]: *** [cmTC_75ec5] Error 1
make[1]: uscita dalla directory "/home/marco/homework-robotica/catkin_ws/build/robotiq_2f_85_gripper_visualization/CMakeFiles/CMakeTmp"
Makefile:126: recipe for target 'cmTC_75ec5/fast' failed
make: *** [cmTC_75ec5/fast] Error 2


