In file included from [01m[K/opt/ros/melodic/include/hardware_interface/robot_hw.h:36:0[m[K,
                 from [01m[K/opt/ros/melodic/include/controller_interface/controller_base.h:37[m[K,
                 from [01m[K/opt/ros/melodic/include/controller_manager/controller_spec.h:41[m[K,
                 from [01m[K/opt/ros/melodic/include/controller_manager/controller_manager.h:36[m[K,
                 from [01m[K/home/marco/homework-robotica/catkin_ws/src/third_party/ur_modern_driver/include/ur_modern_driver/ros/controller.h:20[m[K,
                 from [01m[K/home/marco/homework-robotica/catkin_ws/src/third_party/ur_modern_driver/src/ros/controller.cpp:19[m[K:
[01m[K/opt/ros/melodic/include/hardware_interface/internal/interface_manager.h:69:10:[m[K [01;35m[Kwarning: [m[Ktype qualifiers ignored on function return type [[01;35m[K-Wignored-qualifiers[m[K]
   static [01;35m[Kconst[m[K void callConcatManagers(typename std::vector<T*>& managers, T* result)
          [01;35m[K^~~~~[m[K
In file included from [01m[K/opt/ros/melodic/include/hardware_interface/robot_hw.h:36:0[m[K,
                 from [01m[K/opt/ros/melodic/include/controller_interface/controller_base.h:37[m[K,
                 from [01m[K/opt/ros/melodic/include/controller_manager/controller_spec.h:41[m[K,
                 from [01m[K/opt/ros/melodic/include/controller_manager/controller_manager.h:36[m[K,
                 from [01m[K/home/marco/homework-robotica/catkin_ws/src/third_party/ur_modern_driver/include/ur_modern_driver/ros/hardware_interface.h:20[m[K,
                 from [01m[K/home/marco/homework-robotica/catkin_ws/src/third_party/ur_modern_driver/src/ros/hardware_interface.cpp:19[m[K:
[01m[K/opt/ros/melodic/include/hardware_interface/internal/interface_manager.h:69:10:[m[K [01;35m[Kwarning: [m[Ktype qualifiers ignored on function return type [[01;35m[K-Wignored-qualifiers[m[K]
   static [01;35m[Kconst[m[K void callConcatManagers(typename std::vector<T*>& managers, T* result)
          [01;35m[K^~~~~[m[K
In file included from [01m[K/opt/ros/melodic/include/hardware_interface/robot_hw.h:36:0[m[K,
                 from [01m[K/opt/ros/melodic/include/controller_interface/controller_base.h:37[m[K,
                 from [01m[K/opt/ros/melodic/include/controller_manager/controller_spec.h:41[m[K,
                 from [01m[K/opt/ros/melodic/include/controller_manager/controller_manager.h:36[m[K,
                 from [01m[K/home/marco/homework-robotica/catkin_ws/src/third_party/ur_modern_driver/include/ur_modern_driver/ros/controller.h:20[m[K,
                 from [01m[K/home/marco/homework-robotica/catkin_ws/src/third_party/ur_modern_driver/src/ros_main.cpp:30[m[K:
[01m[K/opt/ros/melodic/include/hardware_interface/internal/interface_manager.h:69:10:[m[K [01;35m[Kwarning: [m[Ktype qualifiers ignored on function return type [[01;35m[K-Wignored-qualifiers[m[K]
   static [01;35m[Kconst[m[K void callConcatManagers(typename std::vector<T*>& managers, T* result)
          [01;35m[K^~~~~[m[K
