Determining if the pthread_create exist failed with the following output:
Change Dir: /home/marco/homework-robotica/catkin_ws/build/common_sensors/CMakeFiles/CMakeTmp

Run Build Command:"/usr/bin/make" "cmTC_f76a3/fast"
/usr/bin/make -f CMakeFiles/cmTC_f76a3.dir/build.make CMakeFiles/cmTC_f76a3.dir/build
make[1]: ingresso nella directory "/home/marco/homework-robotica/catkin_ws/build/common_sensors/CMakeFiles/CMakeTmp"
Building C object CMakeFiles/cmTC_f76a3.dir/CheckSymbolExists.c.o
/usr/bin/cc    -o CMakeFiles/cmTC_f76a3.dir/CheckSymbolExists.c.o   -c /home/marco/homework-robotica/catkin_ws/build/common_sensors/CMakeFiles/CMakeTmp/CheckSymbolExists.c
Linking C executable cmTC_f76a3
/usr/bin/cmake -E cmake_link_script CMakeFiles/cmTC_f76a3.dir/link.txt --verbose=1
/usr/bin/cc      -rdynamic CMakeFiles/cmTC_f76a3.dir/CheckSymbolExists.c.o  -o cmTC_f76a3 
CMakeFiles/cmTC_f76a3.dir/CheckSymbolExists.c.o: nella funzione "main":
CheckSymbolExists.c:(.text+0x1b): riferimento non definito a "pthread_create"
collect2: error: ld returned 1 exit status
CMakeFiles/cmTC_f76a3.dir/build.make:97: recipe for target 'cmTC_f76a3' failed
make[1]: *** [cmTC_f76a3] Error 1
make[1]: uscita dalla directory "/home/marco/homework-robotica/catkin_ws/build/common_sensors/CMakeFiles/CMakeTmp"
Makefile:126: recipe for target 'cmTC_f76a3/fast' failed
make: *** [cmTC_f76a3/fast] Error 2

File /home/marco/homework-robotica/catkin_ws/build/common_sensors/CMakeFiles/CMakeTmp/CheckSymbolExists.c:
/* */
#include <pthread.h>

int main(int argc, char** argv)
{
  (void)argv;
#ifndef pthread_create
  return ((int*)(&pthread_create))[argc];
#else
  (void)argc;
  return 0;
#endif
}

Determining if the function pthread_create exists in the pthreads failed with the following output:
Change Dir: /home/marco/homework-robotica/catkin_ws/build/common_sensors/CMakeFiles/CMakeTmp

Run Build Command:"/usr/bin/make" "cmTC_d5132/fast"
/usr/bin/make -f CMakeFiles/cmTC_d5132.dir/build.make CMakeFiles/cmTC_d5132.dir/build
make[1]: ingresso nella directory "/home/marco/homework-robotica/catkin_ws/build/common_sensors/CMakeFiles/CMakeTmp"
Building C object CMakeFiles/cmTC_d5132.dir/CheckFunctionExists.c.o
/usr/bin/cc   -DCHECK_FUNCTION_EXISTS=pthread_create   -o CMakeFiles/cmTC_d5132.dir/CheckFunctionExists.c.o   -c /usr/share/cmake-3.10/Modules/CheckFunctionExists.c
Linking C executable cmTC_d5132
/usr/bin/cmake -E cmake_link_script CMakeFiles/cmTC_d5132.dir/link.txt --verbose=1
/usr/bin/cc  -DCHECK_FUNCTION_EXISTS=pthread_create    -rdynamic CMakeFiles/cmTC_d5132.dir/CheckFunctionExists.c.o  -o cmTC_d5132 -lpthreads 
/usr/bin/ld: impossibile trovare -lpthreads
collect2: error: ld returned 1 exit status
CMakeFiles/cmTC_d5132.dir/build.make:97: recipe for target 'cmTC_d5132' failed
make[1]: *** [cmTC_d5132] Error 1
make[1]: uscita dalla directory "/home/marco/homework-robotica/catkin_ws/build/common_sensors/CMakeFiles/CMakeTmp"
Makefile:126: recipe for target 'cmTC_d5132/fast' failed
make: *** [cmTC_d5132/fast] Error 2


