Determining if the pthread_create exist failed with the following output:
Change Dir: /home/marco/homework-robotica/catkin_ws/build/apriltag_ros/CMakeFiles/CMakeTmp

Run Build Command:"/usr/bin/make" "cmTC_b0369/fast"
/usr/bin/make -f CMakeFiles/cmTC_b0369.dir/build.make CMakeFiles/cmTC_b0369.dir/build
make[1]: ingresso nella directory "/home/marco/homework-robotica/catkin_ws/build/apriltag_ros/CMakeFiles/CMakeTmp"
Building C object CMakeFiles/cmTC_b0369.dir/CheckSymbolExists.c.o
/usr/bin/cc    -o CMakeFiles/cmTC_b0369.dir/CheckSymbolExists.c.o   -c /home/marco/homework-robotica/catkin_ws/build/apriltag_ros/CMakeFiles/CMakeTmp/CheckSymbolExists.c
Linking C executable cmTC_b0369
/usr/bin/cmake -E cmake_link_script CMakeFiles/cmTC_b0369.dir/link.txt --verbose=1
/usr/bin/cc      -rdynamic CMakeFiles/cmTC_b0369.dir/CheckSymbolExists.c.o  -o cmTC_b0369 
CMakeFiles/cmTC_b0369.dir/CheckSymbolExists.c.o: nella funzione "main":
CheckSymbolExists.c:(.text+0x1b): riferimento non definito a "pthread_create"
collect2: error: ld returned 1 exit status
CMakeFiles/cmTC_b0369.dir/build.make:97: recipe for target 'cmTC_b0369' failed
make[1]: *** [cmTC_b0369] Error 1
make[1]: uscita dalla directory "/home/marco/homework-robotica/catkin_ws/build/apriltag_ros/CMakeFiles/CMakeTmp"
Makefile:126: recipe for target 'cmTC_b0369/fast' failed
make: *** [cmTC_b0369/fast] Error 2

File /home/marco/homework-robotica/catkin_ws/build/apriltag_ros/CMakeFiles/CMakeTmp/CheckSymbolExists.c:
/* */
#include <pthread.h>

int main(int argc, char** argv)
{
  (void)argv;
#ifndef pthread_create
  return ((int*)(&pthread_create))[argc];
#else
  (void)argc;
  return 0;
#endif
}

Determining if the function pthread_create exists in the pthreads failed with the following output:
Change Dir: /home/marco/homework-robotica/catkin_ws/build/apriltag_ros/CMakeFiles/CMakeTmp

Run Build Command:"/usr/bin/make" "cmTC_fa280/fast"
/usr/bin/make -f CMakeFiles/cmTC_fa280.dir/build.make CMakeFiles/cmTC_fa280.dir/build
make[1]: ingresso nella directory "/home/marco/homework-robotica/catkin_ws/build/apriltag_ros/CMakeFiles/CMakeTmp"
Building C object CMakeFiles/cmTC_fa280.dir/CheckFunctionExists.c.o
/usr/bin/cc   -DCHECK_FUNCTION_EXISTS=pthread_create   -o CMakeFiles/cmTC_fa280.dir/CheckFunctionExists.c.o   -c /usr/share/cmake-3.10/Modules/CheckFunctionExists.c
Linking C executable cmTC_fa280
/usr/bin/cmake -E cmake_link_script CMakeFiles/cmTC_fa280.dir/link.txt --verbose=1
/usr/bin/cc  -DCHECK_FUNCTION_EXISTS=pthread_create    -rdynamic CMakeFiles/cmTC_fa280.dir/CheckFunctionExists.c.o  -o cmTC_fa280 -lpthreads 
/usr/bin/ld: impossibile trovare -lpthreads
collect2: error: ld returned 1 exit status
CMakeFiles/cmTC_fa280.dir/build.make:97: recipe for target 'cmTC_fa280' failed
make[1]: *** [cmTC_fa280] Error 1
make[1]: uscita dalla directory "/home/marco/homework-robotica/catkin_ws/build/apriltag_ros/CMakeFiles/CMakeTmp"
Makefile:126: recipe for target 'cmTC_fa280/fast' failed
make: *** [cmTC_fa280/fast] Error 2


