Symlinking /home/marco/homework-robotica/catkin_ws/devel/share/common-lisp/ros/easy_handeye/msg/SampleList.lisp
Symlinking /home/marco/homework-robotica/catkin_ws/devel/share/common-lisp/ros/easy_handeye/msg/_package_HandeyeCalibration.lisp
Symlinking /home/marco/homework-robotica/catkin_ws/devel/share/common-lisp/ros/easy_handeye/msg/HandeyeCalibration.lisp
Symlinking /home/marco/homework-robotica/catkin_ws/devel/share/common-lisp/ros/easy_handeye/msg/_package.lisp
Symlinking /home/marco/homework-robotica/catkin_ws/devel/share/common-lisp/ros/easy_handeye/msg/easy_handeye-msg.asd
Symlinking /home/marco/homework-robotica/catkin_ws/devel/share/common-lisp/ros/easy_handeye/msg/_package_SampleList.lisp
Symlinking /home/marco/homework-robotica/catkin_ws/devel/share/common-lisp/ros/easy_handeye/srv/_package_TakeSample.lisp
Symlinking /home/marco/homework-robotica/catkin_ws/devel/share/common-lisp/ros/easy_handeye/srv/TakeSample.lisp
Symlinking /home/marco/homework-robotica/catkin_ws/devel/share/common-lisp/ros/easy_handeye/srv/_package_RemoveSample.lisp
Symlinking /home/marco/homework-robotica/catkin_ws/devel/share/common-lisp/ros/easy_handeye/srv/ComputeCalibration.lisp
Symlinking /home/marco/homework-robotica/catkin_ws/devel/share/common-lisp/ros/easy_handeye/srv/easy_handeye-srv.asd
Symlinking /home/marco/homework-robotica/catkin_ws/devel/share/common-lisp/ros/easy_handeye/srv/_package.lisp
Symlinking /home/marco/homework-robotica/catkin_ws/devel/share/common-lisp/ros/easy_handeye/srv/_package_ComputeCalibration.lisp
Symlinking /home/marco/homework-robotica/catkin_ws/devel/share/common-lisp/ros/easy_handeye/srv/RemoveSample.lisp
Symlinking /home/marco/homework-robotica/catkin_ws/devel/share/gennodejs/ros/easy_handeye/_index.js
Symlinking /home/marco/homework-robotica/catkin_ws/devel/share/gennodejs/ros/easy_handeye/msg/HandeyeCalibration.js
Symlinking /home/marco/homework-robotica/catkin_ws/devel/share/gennodejs/ros/easy_handeye/msg/_index.js
Symlinking /home/marco/homework-robotica/catkin_ws/devel/share/gennodejs/ros/easy_handeye/msg/SampleList.js
Symlinking /home/marco/homework-robotica/catkin_ws/devel/share/gennodejs/ros/easy_handeye/srv/RemoveSample.js
Symlinking /home/marco/homework-robotica/catkin_ws/devel/share/gennodejs/ros/easy_handeye/srv/ComputeCalibration.js
Symlinking /home/marco/homework-robotica/catkin_ws/devel/share/gennodejs/ros/easy_handeye/srv/_index.js
Symlinking /home/marco/homework-robotica/catkin_ws/devel/share/gennodejs/ros/easy_handeye/srv/TakeSample.js
Symlinking /home/marco/homework-robotica/catkin_ws/devel/share/roseus/ros/easy_handeye/manifest.l
Symlinking /home/marco/homework-robotica/catkin_ws/devel/share/roseus/ros/easy_handeye/msg/SampleList.l
Symlinking /home/marco/homework-robotica/catkin_ws/devel/share/roseus/ros/easy_handeye/msg/HandeyeCalibration.l
Symlinking /home/marco/homework-robotica/catkin_ws/devel/share/roseus/ros/easy_handeye/srv/ComputeCalibration.l
Symlinking /home/marco/homework-robotica/catkin_ws/devel/share/roseus/ros/easy_handeye/srv/RemoveSample.l
Symlinking /home/marco/homework-robotica/catkin_ws/devel/share/roseus/ros/easy_handeye/srv/TakeSample.l
Symlinking /home/marco/homework-robotica/catkin_ws/devel/share/easy_handeye/cmake/easy_handeye-msg-paths.cmake
Symlinking /home/marco/homework-robotica/catkin_ws/devel/share/easy_handeye/cmake/easy_handeyeConfig-version.cmake
Symlinking /home/marco/homework-robotica/catkin_ws/devel/share/easy_handeye/cmake/easy_handeyeConfig.cmake
Symlinking /home/marco/homework-robotica/catkin_ws/devel/share/easy_handeye/cmake/easy_handeye-msg-extras.cmake
Symlinking /home/marco/homework-robotica/catkin_ws/devel/include/easy_handeye/TakeSampleResponse.h
Symlinking /home/marco/homework-robotica/catkin_ws/devel/include/easy_handeye/ComputeCalibration.h
Symlinking /home/marco/homework-robotica/catkin_ws/devel/include/easy_handeye/ComputeCalibrationResponse.h
Symlinking /home/marco/homework-robotica/catkin_ws/devel/include/easy_handeye/SampleList.h
Symlinking /home/marco/homework-robotica/catkin_ws/devel/include/easy_handeye/RemoveSampleRequest.h
Symlinking /home/marco/homework-robotica/catkin_ws/devel/include/easy_handeye/RemoveSampleResponse.h
Symlinking /home/marco/homework-robotica/catkin_ws/devel/include/easy_handeye/TakeSample.h
Symlinking /home/marco/homework-robotica/catkin_ws/devel/include/easy_handeye/ComputeCalibrationRequest.h
Symlinking /home/marco/homework-robotica/catkin_ws/devel/include/easy_handeye/RemoveSample.h
Symlinking /home/marco/homework-robotica/catkin_ws/devel/include/easy_handeye/TakeSampleRequest.h
Symlinking /home/marco/homework-robotica/catkin_ws/devel/include/easy_handeye/HandeyeCalibration.h
Symlinking /home/marco/homework-robotica/catkin_ws/devel/lib/pkgconfig/easy_handeye.pc
Symlinking /home/marco/homework-robotica/catkin_ws/devel/lib/python2.7/dist-packages/easy_handeye/__init__.py
Symlinking /home/marco/homework-robotica/catkin_ws/devel/lib/python2.7/dist-packages/easy_handeye/msg/_SampleList.py
Symlinking /home/marco/homework-robotica/catkin_ws/devel/lib/python2.7/dist-packages/easy_handeye/msg/__init__.py
Symlinking /home/marco/homework-robotica/catkin_ws/devel/lib/python2.7/dist-packages/easy_handeye/msg/_HandeyeCalibration.py
Symlinking /home/marco/homework-robotica/catkin_ws/devel/lib/python2.7/dist-packages/easy_handeye/srv/_RemoveSample.py
Symlinking /home/marco/homework-robotica/catkin_ws/devel/lib/python2.7/dist-packages/easy_handeye/srv/_ComputeCalibration.py
Symlinking /home/marco/homework-robotica/catkin_ws/devel/lib/python2.7/dist-packages/easy_handeye/srv/__init__.py
Symlinking /home/marco/homework-robotica/catkin_ws/devel/lib/python2.7/dist-packages/easy_handeye/srv/_TakeSample.py
