Determining if the pthread_create exist failed with the following output:
Change Dir: /home/marco/homework-robotica/catkin_ws/build/ur10_e_moveit_config/CMakeFiles/CMakeTmp

Run Build Command:"/usr/bin/make" "cmTC_44f0d/fast"
/usr/bin/make -f CMakeFiles/cmTC_44f0d.dir/build.make CMakeFiles/cmTC_44f0d.dir/build
make[1]: ingresso nella directory "/home/marco/homework-robotica/catkin_ws/build/ur10_e_moveit_config/CMakeFiles/CMakeTmp"
Building C object CMakeFiles/cmTC_44f0d.dir/CheckSymbolExists.c.o
/usr/bin/cc    -o CMakeFiles/cmTC_44f0d.dir/CheckSymbolExists.c.o   -c /home/marco/homework-robotica/catkin_ws/build/ur10_e_moveit_config/CMakeFiles/CMakeTmp/CheckSymbolExists.c
Linking C executable cmTC_44f0d
/usr/bin/cmake -E cmake_link_script CMakeFiles/cmTC_44f0d.dir/link.txt --verbose=1
/usr/bin/cc      -rdynamic CMakeFiles/cmTC_44f0d.dir/CheckSymbolExists.c.o  -o cmTC_44f0d 
CMakeFiles/cmTC_44f0d.dir/CheckSymbolExists.c.o: nella funzione "main":
CheckSymbolExists.c:(.text+0x1b): riferimento non definito a "pthread_create"
collect2: error: ld returned 1 exit status
CMakeFiles/cmTC_44f0d.dir/build.make:97: recipe for target 'cmTC_44f0d' failed
make[1]: *** [cmTC_44f0d] Error 1
make[1]: uscita dalla directory "/home/marco/homework-robotica/catkin_ws/build/ur10_e_moveit_config/CMakeFiles/CMakeTmp"
Makefile:126: recipe for target 'cmTC_44f0d/fast' failed
make: *** [cmTC_44f0d/fast] Error 2

File /home/marco/homework-robotica/catkin_ws/build/ur10_e_moveit_config/CMakeFiles/CMakeTmp/CheckSymbolExists.c:
/* */
#include <pthread.h>

int main(int argc, char** argv)
{
  (void)argv;
#ifndef pthread_create
  return ((int*)(&pthread_create))[argc];
#else
  (void)argc;
  return 0;
#endif
}

Determining if the function pthread_create exists in the pthreads failed with the following output:
Change Dir: /home/marco/homework-robotica/catkin_ws/build/ur10_e_moveit_config/CMakeFiles/CMakeTmp

Run Build Command:"/usr/bin/make" "cmTC_5dc5c/fast"
/usr/bin/make -f CMakeFiles/cmTC_5dc5c.dir/build.make CMakeFiles/cmTC_5dc5c.dir/build
make[1]: ingresso nella directory "/home/marco/homework-robotica/catkin_ws/build/ur10_e_moveit_config/CMakeFiles/CMakeTmp"
Building C object CMakeFiles/cmTC_5dc5c.dir/CheckFunctionExists.c.o
/usr/bin/cc   -DCHECK_FUNCTION_EXISTS=pthread_create   -o CMakeFiles/cmTC_5dc5c.dir/CheckFunctionExists.c.o   -c /usr/share/cmake-3.10/Modules/CheckFunctionExists.c
Linking C executable cmTC_5dc5c
/usr/bin/cmake -E cmake_link_script CMakeFiles/cmTC_5dc5c.dir/link.txt --verbose=1
/usr/bin/cc  -DCHECK_FUNCTION_EXISTS=pthread_create    -rdynamic CMakeFiles/cmTC_5dc5c.dir/CheckFunctionExists.c.o  -o cmTC_5dc5c -lpthreads 
/usr/bin/ld: impossibile trovare -lpthreads
collect2: error: ld returned 1 exit status
CMakeFiles/cmTC_5dc5c.dir/build.make:97: recipe for target 'cmTC_5dc5c' failed
make[1]: *** [cmTC_5dc5c] Error 1
make[1]: uscita dalla directory "/home/marco/homework-robotica/catkin_ws/build/ur10_e_moveit_config/CMakeFiles/CMakeTmp"
Makefile:126: recipe for target 'cmTC_5dc5c/fast' failed
make: *** [cmTC_5dc5c/fast] Error 2


