Determining if the pthread_create exist failed with the following output:
Change Dir: /home/marco/homework-robotica/catkin_ws/build/ur_e_gazebo/CMakeFiles/CMakeTmp

Run Build Command:"/usr/bin/make" "cmTC_122be/fast"
/usr/bin/make -f CMakeFiles/cmTC_122be.dir/build.make CMakeFiles/cmTC_122be.dir/build
make[1]: ingresso nella directory "/home/marco/homework-robotica/catkin_ws/build/ur_e_gazebo/CMakeFiles/CMakeTmp"
Building C object CMakeFiles/cmTC_122be.dir/CheckSymbolExists.c.o
/usr/bin/cc    -o CMakeFiles/cmTC_122be.dir/CheckSymbolExists.c.o   -c /home/marco/homework-robotica/catkin_ws/build/ur_e_gazebo/CMakeFiles/CMakeTmp/CheckSymbolExists.c
Linking C executable cmTC_122be
/usr/bin/cmake -E cmake_link_script CMakeFiles/cmTC_122be.dir/link.txt --verbose=1
/usr/bin/cc      -rdynamic CMakeFiles/cmTC_122be.dir/CheckSymbolExists.c.o  -o cmTC_122be 
CMakeFiles/cmTC_122be.dir/CheckSymbolExists.c.o: nella funzione "main":
CheckSymbolExists.c:(.text+0x1b): riferimento non definito a "pthread_create"
collect2: error: ld returned 1 exit status
CMakeFiles/cmTC_122be.dir/build.make:97: recipe for target 'cmTC_122be' failed
make[1]: *** [cmTC_122be] Error 1
make[1]: uscita dalla directory "/home/marco/homework-robotica/catkin_ws/build/ur_e_gazebo/CMakeFiles/CMakeTmp"
Makefile:126: recipe for target 'cmTC_122be/fast' failed
make: *** [cmTC_122be/fast] Error 2

File /home/marco/homework-robotica/catkin_ws/build/ur_e_gazebo/CMakeFiles/CMakeTmp/CheckSymbolExists.c:
/* */
#include <pthread.h>

int main(int argc, char** argv)
{
  (void)argv;
#ifndef pthread_create
  return ((int*)(&pthread_create))[argc];
#else
  (void)argc;
  return 0;
#endif
}

Determining if the function pthread_create exists in the pthreads failed with the following output:
Change Dir: /home/marco/homework-robotica/catkin_ws/build/ur_e_gazebo/CMakeFiles/CMakeTmp

Run Build Command:"/usr/bin/make" "cmTC_acf4a/fast"
/usr/bin/make -f CMakeFiles/cmTC_acf4a.dir/build.make CMakeFiles/cmTC_acf4a.dir/build
make[1]: ingresso nella directory "/home/marco/homework-robotica/catkin_ws/build/ur_e_gazebo/CMakeFiles/CMakeTmp"
Building C object CMakeFiles/cmTC_acf4a.dir/CheckFunctionExists.c.o
/usr/bin/cc   -DCHECK_FUNCTION_EXISTS=pthread_create   -o CMakeFiles/cmTC_acf4a.dir/CheckFunctionExists.c.o   -c /usr/share/cmake-3.10/Modules/CheckFunctionExists.c
Linking C executable cmTC_acf4a
/usr/bin/cmake -E cmake_link_script CMakeFiles/cmTC_acf4a.dir/link.txt --verbose=1
/usr/bin/cc  -DCHECK_FUNCTION_EXISTS=pthread_create    -rdynamic CMakeFiles/cmTC_acf4a.dir/CheckFunctionExists.c.o  -o cmTC_acf4a -lpthreads 
/usr/bin/ld: impossibile trovare -lpthreads
collect2: error: ld returned 1 exit status
CMakeFiles/cmTC_acf4a.dir/build.make:97: recipe for target 'cmTC_acf4a' failed
make[1]: *** [cmTC_acf4a] Error 1
make[1]: uscita dalla directory "/home/marco/homework-robotica/catkin_ws/build/ur_e_gazebo/CMakeFiles/CMakeTmp"
Makefile:126: recipe for target 'cmTC_acf4a/fast' failed
make: *** [cmTC_acf4a/fast] Error 2


