Determining if the pthread_create exist failed with the following output:
Change Dir: /home/marco/homework-robotica/catkin_ws/build/object_msgs_tools/CMakeFiles/CMakeTmp

Run Build Command:"/usr/bin/make" "cmTC_77623/fast"
/usr/bin/make -f CMakeFiles/cmTC_77623.dir/build.make CMakeFiles/cmTC_77623.dir/build
make[1]: ingresso nella directory "/home/marco/homework-robotica/catkin_ws/build/object_msgs_tools/CMakeFiles/CMakeTmp"
Building C object CMakeFiles/cmTC_77623.dir/CheckSymbolExists.c.o
/usr/bin/cc    -o CMakeFiles/cmTC_77623.dir/CheckSymbolExists.c.o   -c /home/marco/homework-robotica/catkin_ws/build/object_msgs_tools/CMakeFiles/CMakeTmp/CheckSymbolExists.c
Linking C executable cmTC_77623
/usr/bin/cmake -E cmake_link_script CMakeFiles/cmTC_77623.dir/link.txt --verbose=1
/usr/bin/cc      -rdynamic CMakeFiles/cmTC_77623.dir/CheckSymbolExists.c.o  -o cmTC_77623 
CMakeFiles/cmTC_77623.dir/CheckSymbolExists.c.o: nella funzione "main":
CheckSymbolExists.c:(.text+0x1b): riferimento non definito a "pthread_create"
collect2: error: ld returned 1 exit status
CMakeFiles/cmTC_77623.dir/build.make:97: recipe for target 'cmTC_77623' failed
make[1]: *** [cmTC_77623] Error 1
make[1]: uscita dalla directory "/home/marco/homework-robotica/catkin_ws/build/object_msgs_tools/CMakeFiles/CMakeTmp"
Makefile:126: recipe for target 'cmTC_77623/fast' failed
make: *** [cmTC_77623/fast] Error 2

File /home/marco/homework-robotica/catkin_ws/build/object_msgs_tools/CMakeFiles/CMakeTmp/CheckSymbolExists.c:
/* */
#include <pthread.h>

int main(int argc, char** argv)
{
  (void)argv;
#ifndef pthread_create
  return ((int*)(&pthread_create))[argc];
#else
  (void)argc;
  return 0;
#endif
}

Determining if the function pthread_create exists in the pthreads failed with the following output:
Change Dir: /home/marco/homework-robotica/catkin_ws/build/object_msgs_tools/CMakeFiles/CMakeTmp

Run Build Command:"/usr/bin/make" "cmTC_f8620/fast"
/usr/bin/make -f CMakeFiles/cmTC_f8620.dir/build.make CMakeFiles/cmTC_f8620.dir/build
make[1]: ingresso nella directory "/home/marco/homework-robotica/catkin_ws/build/object_msgs_tools/CMakeFiles/CMakeTmp"
Building C object CMakeFiles/cmTC_f8620.dir/CheckFunctionExists.c.o
/usr/bin/cc   -DCHECK_FUNCTION_EXISTS=pthread_create   -o CMakeFiles/cmTC_f8620.dir/CheckFunctionExists.c.o   -c /usr/share/cmake-3.10/Modules/CheckFunctionExists.c
Linking C executable cmTC_f8620
/usr/bin/cmake -E cmake_link_script CMakeFiles/cmTC_f8620.dir/link.txt --verbose=1
/usr/bin/cc  -DCHECK_FUNCTION_EXISTS=pthread_create    -rdynamic CMakeFiles/cmTC_f8620.dir/CheckFunctionExists.c.o  -o cmTC_f8620 -lpthreads 
/usr/bin/ld: impossibile trovare -lpthreads
collect2: error: ld returned 1 exit status
CMakeFiles/cmTC_f8620.dir/build.make:97: recipe for target 'cmTC_f8620' failed
make[1]: *** [cmTC_f8620] Error 1
make[1]: uscita dalla directory "/home/marco/homework-robotica/catkin_ws/build/object_msgs_tools/CMakeFiles/CMakeTmp"
Makefile:126: recipe for target 'cmTC_f8620/fast' failed
make: *** [cmTC_f8620/fast] Error 2


