Determining if the pthread_create exist failed with the following output:
Change Dir: /home/marco/homework-robotica/catkin_ws/build/ur_kinematics/CMakeFiles/CMakeTmp

Run Build Command:"/usr/bin/make" "cmTC_fe903/fast"
/usr/bin/make -f CMakeFiles/cmTC_fe903.dir/build.make CMakeFiles/cmTC_fe903.dir/build
make[1]: ingresso nella directory "/home/marco/homework-robotica/catkin_ws/build/ur_kinematics/CMakeFiles/CMakeTmp"
Building C object CMakeFiles/cmTC_fe903.dir/CheckSymbolExists.c.o
/usr/bin/cc    -o CMakeFiles/cmTC_fe903.dir/CheckSymbolExists.c.o   -c /home/marco/homework-robotica/catkin_ws/build/ur_kinematics/CMakeFiles/CMakeTmp/CheckSymbolExists.c
Linking C executable cmTC_fe903
/usr/bin/cmake -E cmake_link_script CMakeFiles/cmTC_fe903.dir/link.txt --verbose=1
/usr/bin/cc      -rdynamic CMakeFiles/cmTC_fe903.dir/CheckSymbolExists.c.o  -o cmTC_fe903 
CMakeFiles/cmTC_fe903.dir/CheckSymbolExists.c.o: nella funzione "main":
CheckSymbolExists.c:(.text+0x1b): riferimento non definito a "pthread_create"
collect2: error: ld returned 1 exit status
CMakeFiles/cmTC_fe903.dir/build.make:97: recipe for target 'cmTC_fe903' failed
make[1]: *** [cmTC_fe903] Error 1
make[1]: uscita dalla directory "/home/marco/homework-robotica/catkin_ws/build/ur_kinematics/CMakeFiles/CMakeTmp"
Makefile:126: recipe for target 'cmTC_fe903/fast' failed
make: *** [cmTC_fe903/fast] Error 2

File /home/marco/homework-robotica/catkin_ws/build/ur_kinematics/CMakeFiles/CMakeTmp/CheckSymbolExists.c:
/* */
#include <pthread.h>

int main(int argc, char** argv)
{
  (void)argv;
#ifndef pthread_create
  return ((int*)(&pthread_create))[argc];
#else
  (void)argc;
  return 0;
#endif
}

Determining if the function pthread_create exists in the pthreads failed with the following output:
Change Dir: /home/marco/homework-robotica/catkin_ws/build/ur_kinematics/CMakeFiles/CMakeTmp

Run Build Command:"/usr/bin/make" "cmTC_87d6f/fast"
/usr/bin/make -f CMakeFiles/cmTC_87d6f.dir/build.make CMakeFiles/cmTC_87d6f.dir/build
make[1]: ingresso nella directory "/home/marco/homework-robotica/catkin_ws/build/ur_kinematics/CMakeFiles/CMakeTmp"
Building C object CMakeFiles/cmTC_87d6f.dir/CheckFunctionExists.c.o
/usr/bin/cc   -DCHECK_FUNCTION_EXISTS=pthread_create   -o CMakeFiles/cmTC_87d6f.dir/CheckFunctionExists.c.o   -c /usr/share/cmake-3.10/Modules/CheckFunctionExists.c
Linking C executable cmTC_87d6f
/usr/bin/cmake -E cmake_link_script CMakeFiles/cmTC_87d6f.dir/link.txt --verbose=1
/usr/bin/cc  -DCHECK_FUNCTION_EXISTS=pthread_create    -rdynamic CMakeFiles/cmTC_87d6f.dir/CheckFunctionExists.c.o  -o cmTC_87d6f -lpthreads 
/usr/bin/ld: impossibile trovare -lpthreads
collect2: error: ld returned 1 exit status
CMakeFiles/cmTC_87d6f.dir/build.make:97: recipe for target 'cmTC_87d6f' failed
make[1]: *** [cmTC_87d6f] Error 1
make[1]: uscita dalla directory "/home/marco/homework-robotica/catkin_ws/build/ur_kinematics/CMakeFiles/CMakeTmp"
Makefile:126: recipe for target 'cmTC_87d6f/fast' failed
make: *** [cmTC_87d6f/fast] Error 2


